Iteration	Posterior	Likelihood	Prior	rate_log_sd	rate_loss	rate_neo	tree_length
0	-717.575	-749.9482	32.37318	1.661644	0.06645638	0.3143237	0.7749547
6	-696.576	-728.6887	32.11278	0.9815008	0.2555214	0.2051445	1.322317
12	-684.2449	-713.4058	29.16087	2.837278	0.4630827	0.9024387	0.8424744
18	-670.174	-697.6495	27.47549	3.340422	1.441871	1.106521	0.3426911
24	-816.3972	-842.7164	26.31919	1.23881	49.0713	0.02667497	0.5177659
30	-741.5911	-762.5806	20.98951	0.8604816	100.5893	0.07709691	3.460983
36	-993.2464	-1024.945	31.6986	0.2589323	1.979518	0.1795998	0.5887059
42	-970.0181	-1001.022	31.0035	0.72297	0.1130921	2.424436	0.9305191
48	-882.8864	-915.4184	32.532	0.7293624	0.02472904	0.5883589	1.252635
54	-698.0479	-722.4807	24.43283	2.226992	7.122874	4.13827	1.252635
60	-772.7287	-802.9515	30.22279	2.092972	0.0151379	1.644306	1.192433
66	-975.6686	-1003.042	27.37315	0.4636222	5.211107	3.451881	0.7657767
72	-672.1082	-696.2102	24.10205	3.824832	8.132878	1.254644	1.229354
78	-867.5519	-895.4138	27.86189	1.900168	0.2488372	8.549573	0.6322595
84	-906.8002	-940.3996	33.59945	0.4996184	0.1423678	0.1938971	0.6625085
90	-763.7016	-794.8251	31.12357	0.4147648	0.1987859	0.4797174	2.111413
96	-652.5037	-679.1506	26.64692	3.103437	6.329018	0.4523071	0.3485846
102	-828.4377	-856.2446	27.80681	1.352962	9.083335	0.4523071	0.3050734
108	-662.2601	-691.0955	28.83539	2.869873	1.217427	0.5542474	0.4564777
114	-759.2434	-787.9332	28.6898	1.94852	1.624904	1.125513	0.744727
120	-862.1471	-895.3647	33.21755	0.3548743	0.05461119	0.1953267	1.530574
126	-721.8378	-752.3844	30.54657	2.008394	0.06608907	0.03359771	2.603774
132	-922.5568	-952.8379	30.28113	0.9849297	0.4331583	1.754801	0.9365033
138	-815.6068	-847.738	32.13117	0.6478349	0.4857956	0.1744894	1.26926
144	-717.3627	-743.0887	25.72607	1.967734	9.67355	1.159079	1.26926
150	-721.2257	-752.3296	31.1039	1.936018	0.2227864	0.3648679	1.112468
156	-760.078	-791.2365	31.15843	1.353292	0.6852599	0.3648679	0.7488875
162	-954.6801	-988.3069	33.62675	0.2794935	0.2196586	0.1062495	0.9933194
168	-928.6633	-959.5038	30.84055	0.05912001	0.2196586	2.267365	1.415774
174	-827.402	-857.0426	29.64059	0.7950265	0.7499218	1.485531	1.415774
180	-817.3898	-847.6715	30.28169	1.350763	0.4700637	1.485531	0.5074999
186	-987.7387	-1018.57	30.83099	0.6000028	0.4700637	1.730246	0.6352376
192	-902.2666	-934.029	31.76241	0.4064915	0.3319669	0.9337028	0.9021078
198	-765.7689	-799.45	33.68116	1.0126	0.09194706	0.04975042	0.9090103
204	-686.5454	-712.0985	25.55304	1.670598	5.319723	0.05891214	3.43883
210	-732.8122	-750.9516	18.13942	4.657282	98.51017	1.664984	1.424008
216	-667.2502	-694.2884	27.03814	3.980738	1.517728	0.4327759	1.309541
222	-688.7076	-714.3306	25.62297	3.479411	0.8165952	5.312656	1.126393
228	-690.7602	-718.6931	27.93282	1.360174	0.8165952	0.8903945	2.495364
234	-855.8774	-882.3631	26.48579	1.360174	0.9607886	8.436647	1.466534
240	-709.534	-739.4232	29.88927	1.360174	1.168005	0.7496137	0.9244588
246	-794.8328	-826.9777	32.1449	0.3379195	0.4042666	0.2266471	1.494105
252	-712.5962	-744.8802	32.28397	2.103593	0.2290207	0.04500417	0.3275712
258	-676.5213	-706.8624	30.34119	1.937601	1.381984	0.01789458	1.383158
264	-993.7581	-1025.13	31.37165	0.4425042	0.760559	0.7935634	0.3730792
270	-864.2601	-895.277	31.01689	1.165494	1.499262	0.1884546	0.3284275
276	-813.1291	-845.0311	31.90193	0.2012523	0.08771857	0.5111761	1.97021
282	-801.7824	-832.5534	30.77096	0.5101626	0.04182739	0.4900207	2.659432
288	-728.7543	-758.3381	29.58384	1.717924	0.08664452	2.978746	1.196268
294	-762.1376	-787.7832	25.6457	0.4072801	1.609545	2.978746	3.213557
300	-928.631	-958.4891	29.85804	0.8722395	2.817936	0.5572526	0.4480327
306	-837.1817	-865.0145	27.83273	0.3473894	2.817936	1.161108	2.163293
312	-684.5174	-702.8084	18.29095	3.928697	12.68129	20.8693	1.994713
318	-651.9731	-678.0028	26.02973	3.928697	1.021782	2.332966	1.132454
324	-733.1261	-763.9068	30.78074	0.3592457	0.4404197	0.3920432	2.114493
330	-820.8637	-848.5115	27.64787	0.338691	3.711478	1.540354	1.852926
336	-820.7193	-847.7814	27.06214	0.1864142	13.96395	0.4135132	1.852926
342	-717.4308	-746.7272	29.29644	1.039542	2.234628	0.2112563	1.852926
348	-818.8073	-849.6024	30.79519	1.078918	2.053366	0.1647584	0.7621444
354	-707.9097	-737.4021	29.49237	3.407497	0.2659434	0.350319	1.162223
360	-682.873	-713.0413	30.16838	2.68701	0.2659434	0.6644137	0.532444
366	-695.4066	-725.4537	30.04707	2.386491	1.013497	0.273929	0.4650714
372	-680.0693	-707.6835	27.61426	3.73258	5.062293	0.0301873	0.3781741
378	-868.3372	-899.6632	31.32602	0.5362369	0.7029568	0.6506943	0.9366113
384	-691.1478	-717.5482	26.40038	3.337217	4.501654	0.7994014	0.3497103
390	-830.4394	-863.4461	33.00671	1.248709	0.1869298	0.1040958	0.3497103
396	-668.4617	-696.38	27.91834	2.502907	6.546278	0.1416095	0.3084726
402	-657.2046	-680.1671	22.96255	4.613791	2.121382	7.113331	1.197839
408	-849.2438	-876.6725	27.42869	1.015936	0.7307109	5.96398	1.599909
414	-762.8011	-792.45	29.64886	0.5164103	0.7307109	0.6139173	2.225943
420	-834.6002	-864.4681	29.86792	1.061323	4.822759	0.00898693	1.169148
426	-822.6126	-853.3648	30.75226	0.04304829	0.273002	1.238656	1.880818
432	-808.5155	-837.0883	28.57278	0.04946395	0.3088837	1.238656	3.188637
438	-891.2649	-922.4404	31.17549	0.317597	0.2674704	1.15283	1.444262
444	-695.2447	-723.7862	28.54147	4.290519	0.2903931	0.2756333	1.311562
450	-686.9081	-714.2948	27.38673	3.330042	0.5651466	2.814522	0.5693405
456	-703.9912	-732.5646	28.57333	2.828968	0.2192965	2.311769	0.9579419
462	-860.9588	-888.8533	27.89454	0.01167247	2.177636	1.83304	2.221857
468	-835.8797	-863.0653	27.18553	0.3767881	19.19033	0.3147293	1.380538
474	-974.7096	-1008.421	33.71091	0.2515315	0.3215902	0.01315051	1.053464
480	-899.9925	-932.5753	32.58278	0.510647	0.5557389	0.01470058	1.429942
486	-680.6631	-710.3397	29.67658	2.988142	0.2228733	0.7688475	0.854663
492	-674.6038	-704.332	29.72826	2.988142	0.811069	0.0422628	1.395334
498	-677.9696	-704.7711	26.80148	3.277366	2.101448	1.048018	1.113793
504	-986.8187	-1017.677	30.8582	0.4776978	0.2857638	1.889549	1.087412
510	-944.4939	-977.4419	32.94801	0.3385363	0.2857638	0.2947573	0.8498449
516	-962.3274	-995.9614	33.63403	0.2317854	0.1009715	0.2947573	0.8498449
522	-1204.47	-1236.767	32.29684	0.217892	0.09816266	1.194474	0.20025
528	-666.0143	-694.1713	28.15696	2.922399	1.525861	0.270378	1.52445
534	-711.755	-738.8046	27.04963	1.636227	8.512722	0.05721869	2.123869
540	-671.0379	-696.6487	25.61087	3.71872	1.489752	3.88347	0.3883831
546	-666.6839	-689.502	22.81815	4.358991	2.711159	3.569036	1.984683
552	-970.5398	-998.3117	27.77184	1.249623	5.616674	0.9509402	0.2073953
558	-1055.591	-1084.388	28.79743	1.051717	1.91658	1.986582	0.3392619
564	-808.5068	-839.6495	31.14263	1.247968	1.442691	0.08565729	0.9859525
570	-770.0306	-799.2207	29.19009	1.318508	2.591276	0.5833082	0.9859525
576	-849.7785	-873.1608	23.38237	1.080942	35.19923	1.176968	1.983202
582	-680.4904	-705.0855	24.59514	4.200891	3.909132	0.7617629	1.741741
588	-952.9803	-981.0414	28.06106	1.274479	2.449898	2.389588	0.7048658
594	-801.5575	-830.1122	28.55473	1.044971	2.409813	1.071386	1.359519
600	-872.2956	-902.8768	30.5812	1.000021	0.5390277	1.071386	0.9766063
606	-1019.534	-1053.136	33.60173	1.000021	0.05951563	0.1028083	0.2386533
612	-677.3549	-699.4458	22.09086	4.305145	4.761332	6.060317	1.495777
618	-939.4987	-970.0153	30.51653	0.1864749	1.183027	0.8598011	1.294594
624	-909.8251	-941.9335	32.10839	0.1586444	0.7421305	0.2109257	1.294594
630	-686.1427	-714.3967	28.25398	2.888744	0.4864047	2.217647	0.528614
636	-776.0285	-806.1247	30.09625	2.350001	0.1610153	1.25331	0.3123389
642	-800.6345	-825.6642	25.02971	2.350001	11.14711	1.932328	0.2839734
648	-757.0608	-785.1617	28.10084	2.350001	1.068467	1.932328	0.2839734
654	-690.9921	-720.631	29.63888	2.721097	0.3380308	0.8306467	0.7907083
660	-780.0197	-806.3139	26.29418	0.6478717	2.058635	1.793312	2.879533
666	-1082.538	-1115.681	33.14287	0.06380922	0.5324714	0.2024316	0.4144257
672	-832.6874	-861.9476	29.26022	0.002070246	1.23716	0.9994377	2.177743
678	-691.1507	-715.8393	24.68857	0.9325927	6.84671	0.9994377	3.089165
684	-740.0807	-768.1727	28.09201	1.604948	6.84671	0.4328817	0.3863221
690	-710.5157	-743.2384	32.72266	1.644689	0.2141663	0.06055362	0.6979087
696	-775.8876	-807.1996	31.31196	1.644689	1.24376	0.06055362	0.4526674
702	-760.4142	-789.3938	28.97962	0.2631563	1.871589	0.2260329	2.664744
708	-997.4766	-1029.345	31.86847	0.01661972	0.3011213	1.567715	0.6188576
714	-808.4734	-832.8711	24.39769	1.139716	8.185077	3.909456	1.975023
720	-661.7568	-691.8534	30.09664	2.29334	0.9706617	0.1605536	1.103039
726	-750.8724	-777.9228	27.05039	1.298223	7.571402	1.313048	0.8831117
732	-663.7862	-691.6741	27.88787	3.355967	0.8090551	1.260037	0.7414187
738	-978.1743	-1011.198	33.02361	0.07088259	0.838674	0.09830905	0.7414187
744	-890.2757	-923.3147	33.03899	0.6366058	0.0958462	0.3258805	1.003512
750	-870.2171	-900.2786	30.06152	1.276526	0.9829635	1.041478	0.5362629
756	-726.7775	-755.1687	28.39128	2.950202	4.056161	0.006203801	0.9207936
762	-831.4228	-859.7621	28.33931	0.2434125	5.93425	0.26024	2.073126
768	-757.6449	-786.163	28.51805	2.221619	0.05129011	2.025332	2.073126
774	-756.3393	-787.4429	31.10362	1.21005	0.05129011	0.8070123	1.664771
780	-726.8162	-753.7743	26.95811	1.92205	5.577608	0.9732441	1.110555
786	-906.0265	-928.1746	22.14807	1.353497	7.322356	13.5849	2.198766
792	-713.8231	-744.0942	30.27113	3.618868	0.1294967	0.1167223	1.236286
798	-658.9473	-686.6248	27.67752	3.618868	1.576602	0.1534772	1.589049
804	-698.8504	-727.5802	28.72985	1.680947	1.576602	1.155083	1.018492
810	-770.172	-800.5443	30.37233	0.6899001	0.642745	0.7005327	1.616578
816	-794.647	-824.3995	29.75245	1.954572	0.254028	2.058676	0.4489842
822	-679.3667	-707.041	27.67432	2.734406	0.3854973	1.590489	1.789708
828	-1047.105	-1077.582	30.47655	0.2567883	0.3854973	2.845446	0.9811131
834	-857.2572	-888.2716	31.01441	0.2189099	2.019027	0.345523	0.9811131
840	-883.4486	-916.783	33.33445	0.0244421	0.1630262	0.179208	1.390123
846	-751.6444	-781.7003	30.05594	1.006679	2.806334	0.1626124	1.213749
852	-670.2257	-695.9596	25.73398	1.555631	2.806334	0.4590449	3.240721
858	-691.6485	-723.4812	31.83275	2.135734	0.3932779	0.06767304	0.4445805
864	-710.2795	-738.9374	28.6579	1.410169	0.2030911	0.9105619	2.670285
870	-690.6702	-718.4317	27.76144	1.156342	2.090062	0.5878107	2.340449
876	-653.1753	-680.6811	27.50588	3.809761	2.090062	0.114479	1.44112
882	-864.858	-894.1474	29.28939	0.6869473	5.830718	0.4188203	0.4269705
888	-707.9025	-737.4409	29.53837	1.310923	1.953256	0.06580369	1.980824
894	-963.5383	-994.503	30.96469	0.7215028	0.3188973	1.842147	0.4932672
900	-717.8564	-749.4031	31.54666	2.433691	0.4694745	0.03715745	0.4471175
906	-725.6142	-755.4482	29.83399	3.523579	0.030301	0.9386795	0.3748453
912	-832.6803	-860.9956	28.31526	0.9943294	4.262191	1.079759	0.9568671
918	-985.667	-1017.63	31.96333	0.9943294	1.028209	0.07600172	0.2894246
924	-822.6234	-851.2613	28.63783	1.606976	1.154503	2.398798	0.536465
930	-777.5025	-805.68	28.17747	2.14312	4.300565	0.2793682	0.1774329
936	-841.6833	-869.5584	27.8751	3.100601	0.03560277	4.006202	0.1142492
942	-709.0507	-730.1336	21.08294	5.475158	0.00432124	71.29061	0.5398669
948	-807.9501	-841.0916	33.14153	0.9033765	0.2375914	0.1128021	0.7358407
954	-798.0043	-829.6555	31.65122	1.119995	0.4462441	0.4236082	0.7358407
960	-858.6178	-886.1944	27.5766	1.977621	0.5705377	6.117169	0.7735725
966	-736.1895	-765.6913	29.50175	1.738885	0.6987907	1.326068	0.8553468
972	-1048.124	-1077.687	29.56289	0.991404	0.3606191	4.147677	0.6186356
978	-793.4492	-808.1178	14.66855	3.310434	666.2053	0.9363075	2.034168
984	-996.9223	-1026.644	29.72208	0.7307514	0.7310469	2.649032	0.7859471
990	-1128.064	-1156.187	28.1231	0.8203689	1.106664	6.4758	0.4212843
996	-740.6318	-765.8652	25.23342	2.373871	29.86978	0.1834761	0.945676
