Iteration	Posterior	Likelihood	Prior	rate_log_sd	rate_loss	rate_neo	tree_length
0	-548.9271	-577.5911	28.66399	1.116045	1.704141	0.2769823	2.312437
6	-549.781	-576.8586	27.07762	1.216158	3.082717	0.3006922	2.757427
12	-552.0117	-579.6975	27.68581	1.321876	3.917384	0.2348726	2.216849
18	-547.6359	-574.9557	27.31978	1.216524	2.540451	0.6299586	2.394301
24	-547.4463	-572.793	25.3467	1.062649	1.524168	0.3601994	4.273841
30	-547.886	-574.0151	26.12912	0.7897026	2.006382	0.8071599	3.408151
36	-543.4096	-569.7979	26.38835	1.104042	1.413777	0.6655822	3.408151
42	-539.1093	-566.5301	27.42084	1.159601	3.66511	0.2011916	2.602993
48	-540.5717	-568.8771	28.30536	1.11495	1.835623	0.2678736	2.500148
54	-545.0704	-572.9303	27.85994	1.433769	2.519819	0.5112621	2.02694
60	-555.5151	-582.7567	27.24163	1.521273	2.913672	0.6187749	2.149227
66	-546.5589	-574.1739	27.61503	1.315519	2.98551	0.1957501	2.561233
72	-545.6783	-572.2696	26.59136	1.316797	2.509696	0.9425523	2.561233
78	-543.3129	-572.2135	28.90058	1.511914	1.581589	0.2655855	1.972907
84	-548.7576	-577.027	28.26938	1.114058	1.541995	0.2655855	2.648829
90	-551.762	-578.9184	27.1564	1.456163	1.425499	0.8824121	2.571024
96	-554.0636	-582.4741	28.41053	2.478967	2.207114	0.1994919	1.492873
102	-551.789	-579.2468	27.45784	3.117407	1.214885	1.40635	0.2310414
108	-544.2141	-571.9034	27.68935	3.117407	1.214885	0.8212283	0.1405362
114	-543.424	-570.8712	27.44713	3.117407	3.160818	0.2079299	0.1084027
120	-543.6229	-570.8264	27.20352	3.117407	2.108474	0.918577	0.2014943
126	-548.9727	-576.2154	27.24273	2.880446	2.309241	0.8491208	0.1559857
132	-551.1218	-578.0525	26.93072	3.194745	1.753184	1.086799	0.1398279
138	-551.2553	-577.911	26.65569	3.279796	1.854793	1.086799	0.1181132
144	-555.7675	-583.28	27.51251	3.077359	1.699552	1.086799	0.2899779
150	-543.2666	-572.2262	28.95965	2.66316	1.699552	0.3328302	0.2899779
156	-533.0202	-561.9587	28.9385	2.73194	1.318549	0.3799117	0.2209942
162	-533.7232	-562.5236	28.80032	2.279204	1.382261	0.948621	0.5125662
168	-534.6433	-563.2955	28.65222	2.338902	1.693926	0.8214237	0.5413891
174	-539.0186	-566.6549	27.63633	2.367002	2.953168	0.9456322	0.8710164
180	-540.9773	-566.6348	25.65745	3.170564	2.925628	3.106975	0.3975486
186	-545.1688	-570.7541	25.5853	2.942031	5.135712	2.093852	0.3475704
192	-549.0945	-577.2976	28.20309	1.84826	3.576816	0.5814721	1.033445
198	-547.6391	-575.8198	28.1807	2.216711	2.8629	0.7770622	0.6095728
204	-543.4458	-573.1214	29.67556	2.340009	1.997135	0.1325434	0.769031
210	-541.0085	-568.8501	27.84161	2.340009	4.832947	0.4577915	0.469407
216	-539.8953	-567.4523	27.55694	2.340009	2.246999	1.480615	0.8435266
222	-539.0532	-568.0824	29.02928	2.42036	2.080581	0.3372216	0.683144
228	-548.0305	-575.5801	27.54959	2.515629	4.460317	0.5994084	0.5425689
234	-544.7546	-573.1067	28.35203	2.607874	3.605118	0.2682653	0.594265
240	-543.4902	-571.9726	28.48233	1.910052	4.289135	0.1612085	1.312134
246	-549.9826	-578.3272	28.34455	1.953392	1.375697	1.071644	1.316473
252	-545.5972	-574.4844	28.88718	2.498023	3.441568	0.04808531	1.121994
258	-539.0028	-568.1337	29.13087	2.398754	2.440548	0.04808531	1.36559
264	-540.5021	-570.4885	29.98643	2.072698	2.046294	0.1141501	0.7675597
270	-543.4585	-571.7884	28.32995	2.650535	2.096682	0.6306375	0.5715632
276	-546.5008	-575.333	28.8322	1.828848	2.790794	0.3389914	1.162007
282	-544.0382	-571.7757	27.73749	2.224593	2.18404	1.2752	0.987295
288	-544.8687	-573.872	29.00329	2.314314	2.134921	0.4071825	0.5880695
294	-543.9352	-573.769	29.83381	2.437684	1.714763	0.08820526	0.8955531
300	-544.6083	-573.4789	28.87065	2.29265	1.959285	0.3083185	1.157329
306	-543.2041	-570.606	27.40187	2.383795	2.77878	1.465343	0.6220331
312	-550.4296	-577.6294	27.19987	2.374835	2.821453	1.739841	0.6220331
318	-545.0577	-574.2161	29.15832	1.924651	1.468893	0.5079674	1.177345
324	-539.2873	-567.3873	28.10005	1.619589	2.388097	0.394443	1.924716
330	-546.003	-574.575	28.57201	2.041955	2.603554	0.4625939	1.066606
336	-537.2175	-566.1568	28.93936	1.957863	2.708171	0.1450211	1.431808
342	-539.6433	-568.6883	29.04502	2.17748	3.288418	0.2038641	0.3601482
348	-539.6444	-569.7476	30.1032	1.933327	1.579185	0.2316649	0.6547243
354	-541.8015	-571.1329	29.33138	2.355058	2.969861	0.1099068	0.6547243
360	-537.0644	-566.4077	29.34333	2.497413	2.829104	0.07268314	0.7737767
366	-544.6285	-573.3724	28.74386	2.497413	3.127172	0.233117	0.579754
372	-540.7601	-569.8731	29.11302	2.109487	3.817344	0.06494532	1.06852
378	-547.3749	-576.3506	28.97563	1.944116	1.94115	0.4890235	1.06852
384	-547.6706	-576.5058	28.83525	1.933084	1.455982	0.7482516	1.163223
390	-548.0019	-574.2829	26.281	1.723291	2.032428	0.5080662	2.999666
396	-552.8598	-578.9244	26.06462	0.9823647	3.211495	0.7912387	2.999666
402	-546.0221	-574.3706	28.34849	1.204879	2.259329	0.3889587	2.087311
408	-542.1697	-570.8019	28.63219	1.191967	1.731269	0.2436844	2.327011
414	-546.3551	-574.9141	28.55905	1.398349	2.088668	0.3412533	1.946059
420	-542.514	-571.4737	28.95973	1.765679	3.056387	0.2622722	1.161429
426	-555.4216	-583.1295	27.7078	2.341732	2.674464	1.071967	0.8130329
432	-554.7484	-583.9115	29.16311	1.748802	3.24142	0.3264485	0.7047897
438	-548.8897	-576.2267	27.33701	1.397423	7.820902	0.05803077	2.173805
444	-547.3845	-575.4117	28.0272	1.109003	9.665466	0.09845856	1.545579
450	-546.4461	-573.1768	26.73072	1.327745	7.124438	0.05586351	2.694651
456	-551.3342	-578.8374	27.50315	1.318252	2.704221	0.8082687	2.011873
462	-556.8945	-582.9823	26.08786	1.365043	4.525225	0.3828008	2.851367
468	-562.7445	-589.8724	27.12783	1.916883	0.9904029	0.4889797	2.862784
474	-560.3144	-586.7143	26.3999	1.583022	2.261252	1.391907	2.340734
480	-552.6981	-579.1171	26.41894	1.71046	1.587344	2.520971	2.066894
486	-558.5432	-585.322	26.77879	1.577687	1.288697	2.520971	2.066894
492	-555.8085	-583.8302	28.02166	1.752251	1.440738	0.5901072	2.058051
498	-556.616	-584.6423	28.02631	2.290456	2.135272	1.160206	0.7036184
504	-556.2466	-584.4468	28.20018	2.299235	2.4758	0.5864907	1.045691
510	-558.0316	-585.8221	27.79054	3.096942	2.543945	0.3893706	0.9583524
516	-552.2309	-576.916	24.68515	3.096942	1.742235	8.768482	0.9176166
522	-557.8294	-581.1113	23.28193	3.147446	1.992261	12.94968	1.426991
528	-555.8556	-580.9977	25.14205	3.010339	2.814035	5.405594	0.4935948
534	-553.3468	-578.7411	25.3943	3.235616	1.86723	5.405594	0.4115572
540	-561.8438	-586.4782	24.63436	3.157793	2.145545	8.370453	0.6690597
546	-564.0599	-589.7678	25.70789	3.157793	1.607839	4.37832	0.9373653
552	-554.9341	-582.2654	27.33123	2.51269	2.770611	1.424408	0.4686305
558	-557.8893	-587.129	29.23973	2.437974	2.493588	0.1841958	0.4656605
564	-545.8115	-574.338	28.52651	2.577689	2.802958	0.2744718	0.2564627
570	-549.4958	-578.3591	28.86332	2.687601	2.180607	0.2744718	0.3691388
576	-547.0975	-575.674	28.57655	2.443833	1.479388	0.932938	0.4699252
582	-542.0166	-569.2623	27.24571	2.892601	2.175336	1.426996	0.4699252
588	-541.0032	-568.5817	27.5785	2.892601	1.632144	1.426996	0.4699252
594	-542.8162	-570.3947	27.5785	2.892601	1.632144	1.426996	0.4699252
600	-544.015	-571.2628	27.24783	2.892601	2.171481	1.426996	0.4699252
606	-541.8768	-569.5804	27.70354	2.892601	1.45802	1.426996	0.4699252
612	-546.2958	-573.7629	27.46707	2.884535	1.81325	1.426996	0.4699252
618	-548.2809	-574.9529	26.67207	2.884535	1.177616	3.947826	0.6372629
624	-553.7238	-582.6848	28.96107	2.472777	1.177616	0.7518909	0.6520274
630	-552.4826	-581.0456	28.56303	2.075721	1.937489	0.5550724	1.225732
636	-548.4148	-577.2567	28.84191	2.02254	1.625399	0.676496	1.048313
642	-545.6243	-573.4864	27.86208	1.869579	1.377081	1.48671	1.486639
648	-545.2107	-572.9965	27.7858	2.355799	1.82777	1.311303	0.9869541
654	-542.7402	-570.8314	28.09122	2.248368	1.662799	1.311303	0.8902924
660	-547.3825	-575.8631	28.48061	2.889882	1.252414	0.6171517	0.9041185
666	-550.9902	-580.5367	29.54652	2.750782	1.152672	0.235321	0.7689728
672	-553.8633	-580.9963	27.13299	2.750782	2.38025	1.608308	0.4161424
678	-550.7722	-578.0802	27.30799	2.2997	1.408739	1.438158	1.58723
684	-542.0993	-570.1483	28.04906	2.111885	2.081998	0.5100671	1.58723
690	-543.6845	-571.6113	27.92677	2.162891	1.24495	1.030526	1.58723
696	-551.0003	-578.9254	27.92508	2.545689	0.8139295	0.8787707	1.731748
702	-542.1156	-571.724	29.60844	2.50651	1.004336	0.2980544	0.9648174
708	-545.7923	-574.1381	28.34586	2.067983	1.004336	0.603468	1.868875
714	-547.8446	-575.272	27.42732	2.32282	1.23673	0.5371763	2.232775
720	-545.5907	-574.7883	29.19756	1.996809	1.571171	0.3564504	1.256142
726	-543.5914	-571.0699	27.47841	1.562369	3.361353	0.192133	2.403447
732	-541.0284	-569.7028	28.67442	1.589934	1.628493	0.276556	2.031679
738	-543.0396	-571.6709	28.63135	1.687968	1.326889	0.3001325	2.106338
744	-542.1944	-570.9156	28.72125	1.874156	1.151229	0.4301528	1.842136
750	-546.2642	-575.4532	29.18895	2.430538	1.838307	0.1057853	1.348748
756	-542.0306	-571.2629	29.23236	1.902986	1.912361	0.2403042	1.344436
762	-543.7748	-571.3918	27.61691	2.36206	1.912361	1.012063	1.322557
768	-544.3326	-572.9797	28.64709	2.125051	3.340354	0.1794086	1.224505
774	-547.5076	-576.7399	29.23233	2.979851	1.433818	0.02351135	1.39792
780	-549.2712	-577.0317	27.76055	2.773604	1.865538	0.1952684	1.89514
786	-552.7489	-579.3754	26.6265	2.65752	0.9219925	2.065091	1.834942
792	-549.667	-578.7771	29.11006	2.816154	1.414898	0.1755453	1.123495
798	-552.7066	-581.0332	28.3266	2.681148	1.737415	0.5851788	0.95816
804	-555.2642	-583.7524	28.48823	2.5699	1.808021	0.6986761	0.5834394
810	-555.9435	-584.1641	28.22061	2.927226	1.16831	0.8692403	0.8809683
816	-548.1568	-576.2033	28.04649	2.566389	2.200995	0.5823164	1.07904
822	-553.3541	-581.5551	28.20096	2.300555	1.738147	0.5883944	1.397308
828	-553.6866	-580.8513	27.16461	1.513382	1.738147	0.8216598	2.434963
834	-550.5422	-579.7052	29.16292	2.213402	2.046627	0.3295433	0.8430044
840	-548.7192	-576.0369	27.31762	2.376682	2.081978	0.4011422	2.043086
846	-552.8849	-580.9657	28.08087	2.627731	2.081978	0.8532127	0.5768028
852	-548.447	-577.1601	28.71304	2.604325	2.081978	0.3227863	0.9056886
858	-548.751	-577.4393	28.68836	2.217438	2.081978	0.2848839	1.357736
864	-551.1521	-577.8754	26.7233	1.820825	3.534266	0.1181158	2.828506
870	-547.2475	-572.9811	25.73364	1.661061	2.702696	0.3051013	3.388052
876	-547.0383	-573.8237	26.78541	1.400992	7.51302	0.154177	2.307422
882	-538.2091	-566.5675	28.35842	1.389416	3.573907	0.09891591	2.112804
888	-535.0694	-562.3801	27.31077	1.301489	3.076422	0.1151822	2.903385
894	-536.3564	-565.165	28.80861	1.534842	2.61619	0.3849888	1.410665
900	-538.246	-566.1992	27.95321	1.434226	3.08107	0.2319297	2.180084
906	-541.1472	-567.5556	26.40839	1.492506	2.213324	0.1880427	3.416937
912	-548.6733	-576.4858	27.81243	1.748317	1.191867	0.6841038	2.243468
918	-549.2371	-578.8094	29.57228	2.884569	1.191867	0.04804445	1.27325
924	-550.4666	-579.9171	29.4505	3.331615	1.235128	0.07093806	0.8082131
930	-545.6746	-574.6317	28.95708	2.652484	1.874318	0.2711461	0.8499103
936	-549.4641	-576.7936	27.32952	2.734967	1.309511	1.746606	1.111803
942	-552.1939	-579.319	27.12507	2.69639	1.309511	2.230012	1.072296
948	-554.5347	-580.4878	25.95312	2.358386	1.896275	4.278278	1.299621
954	-550.6416	-576.4567	25.81512	2.537233	2.142847	2.90588	1.549699
960	-550.5778	-578.4833	27.90556	2.537233	3.272367	0.4123238	1.040458
966	-547.4421	-575.7783	28.33627	2.092592	2.674293	0.4396506	1.236959
972	-550.1401	-578.808	28.66789	3.024823	0.8089191	0.6179941	1.023187
978	-545.6637	-574.4906	28.82691	2.308405	1.716948	0.05570431	1.921819
984	-562.2075	-588.8459	26.63834	2.297784	2.378412	1.238792	1.750533
990	-556.8547	-586.4489	29.59427	2.245049	1.17718	0.1340922	1.471141
996	-550.4393	-580.5245	30.08519	2.382326	1.078626	0.1631566	0.9114691
