Iteration	Posterior	Likelihood	Prior	rate_log_sd	rate_loss	rate_neo	tree_length
0	-614.1559	-641.7296	27.57378	3.027068	0.7607062	1.897687	1.028379
6	-614.3362	-641.7478	27.41161	3.325269	1.229009	1.48463	0.4762282
12	-612.2782	-640.2413	27.96309	2.542153	1.510705	1.442416	0.6593849
18	-601.5535	-630.3415	28.78794	1.908919	2.771164	0.3506221	1.115924
24	-598.8037	-623.8885	25.08475	2.048325	2.601545	4.818167	1.772434
30	-601.9579	-629.2179	27.25998	1.824088	5.170543	0.7174727	1.278386
36	-610.1861	-637.6269	27.44081	3.632398	1.032324	0.7174727	1.244695
42	-613.5093	-639.5447	26.03542	3.632398	1.202398	1.997476	0.1069499
48	-610.7771	-633.3386	22.56149	5.861283	2.33935	4.753929	0.81128
54	-625.8895	-654.4394	28.54992	2.980381	1.601361	0.2693555	1.118659
60	-609.3136	-638.168	28.8544	3.131452	1.446667	0.2693555	0.7412118
66	-605.5047	-634.3126	28.80784	2.585799	0.8442546	0.1833416	1.90544
72	-613.1188	-636.8129	23.69417	2.320446	2.630938	6.568945	2.214016
78	-589.5735	-618.5928	29.01925	2.197105	2.734983	0.3165344	0.5090075
84	-599.8474	-629.2777	29.43032	2.255952	1.585014	0.2091987	1.134268
90	-603.1173	-630.8869	27.76958	4.267859	1.74388	0.1977498	0.3974428
96	-605.6568	-635.6185	29.96162	2.099594	1.075456	0.2572241	1.048976
102	-603.0861	-628.5781	25.49194	2.099594	1.075456	0.1844858	4.063844
108	-602.1367	-625.9874	23.85061	1.796411	2.345599	0.8927519	3.980062
114	-592.2381	-621.063	28.8249	1.796411	3.389487	0.2507721	1.161435
120	-608.9485	-635.2354	26.28684	3.459702	2.380113	1.837711	0.5302872
126	-622.6409	-645.5209	22.88	3.459702	4.334198	12.23682	0.5188138
132	-615.235	-638.7387	23.50373	3.459702	2.689386	12.23682	0.5188138
138	-613.4075	-637.4519	24.04442	3.484727	1.237748	13.11916	0.9018057
144	-608.6628	-634.4938	25.83101	3.484727	1.237748	4.332592	0.7501942
150	-613.1851	-638.7207	25.53561	3.043148	9.97311	0.7709555	0.3294486
156	-622.3344	-646.5015	24.16704	2.095833	5.497547	3.23877	2.04812
162	-627.026	-650.5121	23.48603	3.554965	5.87588	5.109773	0.8822969
168	-607.3102	-635.8255	28.51533	1.540734	1.182745	0.6462663	1.957076
174	-592.6767	-620.9215	28.24479	3.687063	0.7584077	0.5249182	0.9850064
180	-583.4232	-611.9289	28.50572	2.961389	1.390999	0.5847967	0.6828305
186	-573.3193	-603.3737	30.05439	2.344171	1.382919	0.1682271	0.5872898
192	-579.2662	-608.4097	29.14347	2.553554	1.099418	0.6340223	0.4774391
198	-576.2658	-603.0935	26.82768	2.553554	1.885296	0.8223168	1.916619
204	-580.104	-607.1773	27.07336	3.91487	1.524898	0.3964341	1.38416
210	-577.1759	-605.6727	28.49687	2.656829	1.309479	0.3964341	1.38416
216	-585.791	-614.6743	28.88323	2.656829	1.624835	0.3964341	0.7967652
222	-611.9389	-642.1226	30.18361	2.840031	0.9993882	0.07889331	0.7188435
228	-620.6817	-649.4645	28.78278	1.830827	0.6956013	0.4985614	2.07878
234	-615.5474	-641.9558	26.40841	4.481463	1.615833	0.3817886	1.432741
240	-619.3564	-641.7868	22.43037	3.405834	1.189157	2.116461	3.776497
246	-592.1995	-618.8942	26.69472	1.747183	1.189157	0.06783866	3.776497
252	-585.3236	-611.2679	25.94429	1.939756	2.024289	0.1064621	3.657811
258	-585.7355	-614.6387	28.90317	1.323511	1.258596	0.8213992	1.640517
264	-589.7392	-615.5258	25.78661	2.471377	1.660847	2.038216	2.117304
270	-623.5235	-651.2721	27.74863	3.03489	0.7985922	2.038216	0.3985835
276	-622.2505	-648.574	26.32348	3.517157	1.795607	2.038216	0.7864632
282	-603.5045	-629.3101	25.80567	2.669504	1.345751	4.807024	1.346935
288	-615.9835	-644.8159	28.83246	2.199825	3.373891	0.1948171	0.922265
294	-621.2314	-648.4503	27.21893	3.658776	1.885444	0.816166	0.4929349
300	-603.5128	-632.0237	28.51092	1.8619	1.728917	0.5947844	1.493169
306	-623.7665	-650.0358	26.26932	5.846482	1.810565	0.1390553	0.7538508
312	-618.8584	-642.0294	23.17101	5.984427	1.810565	3.738338	0.3788928
318	-621.5376	-646.7316	25.19403	3.453787	3.749264	2.781005	0.4003236
324	-629.3921	-655.1205	25.72842	3.453787	0.7796582	6.990081	0.446868
330	-604.2744	-629.6828	25.40838	4.121331	1.651213	3.055835	0.3898153
336	-616.5687	-641.0427	24.474	2.234553	1.651213	0.8629021	3.624126
342	-622.4955	-651.0699	28.57442	3.062885	1.721198	0.2279397	1.044623
348	-616.6801	-645.3859	28.70575	3.062885	1.141065	0.4543683	0.2607478
354	-604.0202	-632.773	28.75286	3.049052	1.222048	0.1734675	1.364427
360	-608.3473	-637.3595	29.01219	2.095024	1.357154	0.3365705	1.484454
366	-621.7719	-650.549	28.77715	3.249392	0.780421	0.3858193	1.104957
372	-622.8394	-651.7123	28.87288	3.249392	0.7345094	0.2440353	1.344959
378	-618.1765	-645.4548	27.2783	2.902161	0.9068656	2.792986	0.7883663
384	-614.8337	-643.662	28.82825	2.528745	1.318999	0.6776289	0.744711
390	-610.7967	-639.2583	28.46153	2.634517	1.318999	0.2096894	1.744125
396	-613.1777	-640.5612	27.38347	4.104527	0.8053948	1.074426	0.4198768
402	-627.0946	-655.8875	28.79291	2.372762	3.315374	0.0531725	1.327422
408	-610.1493	-636.3238	26.17445	2.682778	1.533765	5.293046	0.6611565
414	-605.0806	-632.8219	27.74128	1.751811	1.409375	0.2183185	2.719632
420	-612.7128	-640.6853	27.9725	2.112538	1.862966	0.7406771	1.497148
426	-592.9528	-621.1628	28.21008	2.401336	2.725419	0.1155975	1.717003
432	-589.3805	-618.2081	28.82761	1.500474	5.003979	0.05421024	1.539689
438	-594.713	-622.3353	27.62228	2.156111	1.732208	1.749503	1.089653
444	-609.446	-634.2528	24.80685	1.881252	11.50375	0.274116	2.613083
450	-604.2661	-631.9974	27.73129	1.83223	5.267092	0.3926177	1.279883
456	-629.9148	-654.4839	24.5691	2.796232	5.873224	0.522606	2.526504
462	-627.3412	-651.3034	23.96218	4.722618	5.851371	0.7190674	1.452712
468	-625.735	-653.12	27.38501	1.890065	12.16097	0.1694272	0.8770749
474	-613.7331	-643.1978	29.46463	2.080459	1.1861	0.5678372	0.8516589
480	-595.4687	-624.6431	29.17441	2.255536	2.976315	0.1891893	0.5864004
486	-598.8917	-626.7419	27.85019	2.149086	2.08452	1.275414	1.005463
492	-603.3519	-632.0519	28.70006	2.149086	1.129556	1.275414	0.8141425
498	-607.1219	-634.8009	27.67905	3.097638	1.262785	1.33902	0.3648095
504	-603.4194	-631.1975	27.77814	3.009214	3.156162	0.4333164	0.5789309
510	-595.1737	-622.485	27.31134	3.933535	1.505204	0.3808555	0.1428728
516	-588.1462	-612.0587	23.91259	3.933535	1.22868	5.045072	1.82899
522	-606.5156	-636.3512	29.83557	2.143426	0.6358883	0.0384574	2.085992
528	-579.7307	-608.2642	28.53352	3.148424	4.078403	0.02977965	0.5059733
534	-609.4798	-634.9039	25.42413	4.690854	3.142303	0.02320075	2.209746
540	-611.5805	-636.7207	25.14018	4.308887	1.685825	2.088046	1.225802
546	-619.2571	-645.303	26.04586	4.308887	0.822116	1.823267	1.225802
552	-642.4552	-664.7974	22.34221	4.233551	0.822116	32.19402	0.5242001
558	-634.2878	-661.169	26.88124	4.318736	3.647744	0.1092891	0.9540629
564	-636.8046	-665.0496	28.24498	2.722443	2.464093	0.3946847	0.9031051
570	-631.6728	-656.7857	25.11289	3.975821	2.464093	2.517534	0.9330217
576	-635.4705	-662.883	27.41255	1.531365	1.950432	0.3140201	2.683723
582	-623.818	-652.9859	29.16797	2.208064	2.043753	0.375059	0.711159
588	-633.0521	-659.2759	26.22375	4.227718	4.30555	0.1980213	1.15966
594	-631.5052	-656.1771	24.67189	4.944788	1.579837	2.789883	0.7675907
600	-628.2473	-655.0785	26.83118	3.756583	1.857494	0.1214018	2.032233
606	-647.6865	-676.1681	28.48163	3.540952	1.798257	0.171451	0.7378203
612	-630.6891	-657.1163	26.42722	3.540952	3.111808	0.8964251	0.8948348
618	-618.7844	-645.4431	26.65876	1.750671	1.447259	0.8964251	2.676853
624	-626.6904	-654.2237	27.53328	3.318685	3.152362	0.3278127	0.8374923
630	-626.803	-653.4767	26.67371	3.318685	3.263049	0.7789696	0.9480966
636	-627.2377	-655.6204	28.38271	2.78997	0.91474	0.664731	1.318391
642	-627.6703	-656.1984	28.52805	2.871948	2.624393	0.1334022	1.080294
648	-632.0297	-660.1605	28.13081	2.871948	1.156774	1.098753	0.7836213
654	-636.4532	-659.61	23.15686	6.105848	3.557667	1.098753	1.209657
660	-653.2083	-678.1001	24.89183	3.195333	1.412267	4.77274	1.608638
666	-641.4388	-670.6868	29.24805	3.195333	1.534385	0.1029129	0.754263
672	-646.7745	-673.1998	26.42527	3.390126	1.638688	2.467528	0.6047327
678	-637.9348	-666.4704	28.53559	2.447543	2.411401	0.5200077	0.5491337
684	-617.1207	-640.1321	23.01145	3.164353	1.411491	0.8160578	4.060797
690	-621.3726	-649.7365	28.36399	1.909482	1.769272	0.5439657	1.603781
696	-610.6927	-637.8559	27.16314	2.695974	2.18617	0.5439657	1.723189
702	-627.257	-653.09	25.83301	1.29864	1.226177	0.6806321	3.694923
708	-626.2871	-655.4529	29.16575	2.432278	1.269933	0.4102214	1.005068
714	-638.373	-669.3872	31.01425	1.619777	0.3724815	0.3813761	1.129167
720	-627.0837	-657.5242	30.44055	1.843421	0.4833956	0.6333195	0.853012
726	-619.2981	-647.0585	27.76043	2.076849	1.99887	0.6059802	1.747724
732	-630.9446	-656.8784	25.9338	2.654922	2.294458	1.774811	1.747724
738	-634.0637	-662.4882	28.42457	3.21616	2.366913	0.1935085	0.7184124
744	-638.4319	-666.8492	28.41732	3.366738	1.300204	0.4243623	0.7184124
750	-639.3043	-665.2269	25.92265	5.060457	2.196427	0.4754419	0.2509049
756	-655.0343	-683.228	28.1937	3.051924	1.162591	0.9033393	0.7034445
762	-626.2974	-653.2377	26.94032	2.293927	4.40978	0.2530236	1.929887
768	-611.0245	-639.3698	28.34525	2.076852	1.873839	0.2141207	1.929887
774	-605.2857	-633.4578	28.1721	1.338906	1.85979	0.2538349	2.456277
780	-628.6312	-659.0303	30.39906	2.300393	0.3028987	0.2538349	1.43596
786	-643.2829	-673.4309	30.14795	2.238444	0.3426189	0.5816656	1.099265
792	-615.1817	-642.193	27.01128	3.483954	1.522852	0.4900749	1.628319
798	-618.6738	-647.8087	29.13486	3.094872	0.6892833	0.5706947	0.5774816
804	-608.6294	-634.8687	26.23928	3.837145	1.198853	2.606336	0.6319734
810	-606.1506	-632.8112	26.66064	2.554582	1.760805	2.606336	1.153102
816	-629.9065	-651.8344	21.9279	2.698874	1.779143	7.343116	3.250599
822	-616.8066	-644.7672	27.9606	2.698874	1.167095	0.07894232	2.430958
828	-608.516	-636.6706	28.15461	2.261357	0.8969585	1.401004	1.347944
834	-611.2566	-635.5186	24.26206	2.653115	2.732339	1.401004	2.854061
840	-616.011	-643.4804	27.4694	3.178734	0.6752056	1.075751	1.584724
846	-625.3606	-653.0985	27.73788	2.914888	2.105971	0.6052566	1.059413
852	-629.2611	-655.3249	26.06387	4.571314	2.476331	0.6052566	0.2515329
858	-647.6366	-675.4909	27.85427	3.371917	0.7153017	1.545563	0.4987669
864	-638.9521	-664.5719	25.61976	3.371917	0.9365995	6.839156	0.680535
870	-645.754	-671.1545	25.40043	5.641843	1.493281	0.7876751	0.2847755
876	-634.4342	-661.9306	27.49642	4.057938	4.288744	0.01229402	0.7095092
882	-641.3479	-665.4162	24.06826	4.122727	2.631685	3.140803	1.407779
888	-629.1823	-654.2232	25.04087	4.585716	2.631685	0.9764167	0.1184825
894	-619.8323	-645.0708	25.23852	5.399179	1.672327	1.105859	0.7233333
900	-615.164	-640.8755	25.71145	4.875766	1.672327	1.105859	0.7971798
906	-629.2125	-653.9339	24.72138	3.642376	1.672327	6.84677	0.3387582
912	-602.9402	-631.9756	29.03541	2.576648	2.750013	0.1564363	0.6499314
918	-622.1228	-649.3819	27.25913	3.572309	2.023819	0.7573037	0.6420458
924	-611.3851	-638.3835	26.99837	2.348952	1.866213	2.051921	1.230987
930	-604.7544	-632.9333	28.17892	1.871042	6.523083	0.2902461	0.665522
936	-605.6504	-632.1567	26.50625	2.845852	6.523083	0.6773969	0.7072585
942	-594.5911	-622.7217	28.13057	2.439625	6.523083	0.03454131	1.11572
948	-631.2981	-659.4541	28.15594	2.439625	6.622195	0.1093372	0.6385803
954	-611.7034	-641.6478	29.94441	3.407721	0.5963922	0.1093372	0.3112098
960	-591.7267	-617.9256	26.19893	3.806307	1.480478	0.474282	2.006733
966	-614.6135	-645.8365	31.22303	1.803345	0.426414	0.1443649	1.235684
972	-584.7833	-613.8322	29.0489	2.376156	1.194848	0.7160459	0.7231481
978	-595.9987	-621.9857	25.98704	3.838091	2.272217	0.1378608	2.332477
984	-616.4697	-645.2983	28.82861	3.037647	2.434114	0.1378608	0.510207
990	-618.7151	-648.5608	29.84564	2.450647	1.381372	0.09482089	1.083735
996	-621.0493	-649.7905	28.74116	3.991058	0.7232871	0.2842213	0.4619268
