Iteration	Posterior	Likelihood	Prior	rate_log_sd	rate_loss	rate_neo	tree_length
0	-671.1588	-699.0848	27.92602	3.321876	1.765882	0.4716409	0.872476
6	-646.2067	-672.6983	26.49167	2.632572	2.100362	1.047695	1.843507
12	-653.7423	-678.6897	24.94733	5.171451	2.25385	1.048286	0.9959918
18	-663.2752	-688.2116	24.93639	5.624934	1.838211	1.048286	0.3081034
24	-661.64	-688.5874	26.94743	3.901414	1.219332	0.939907	1.064822
30	-703.0716	-726.6198	23.54828	1.640066	36.03329	0.23321	2.365159
36	-660.7683	-686.9331	26.16482	3.090909	11.43144	0.2370955	0.773269
42	-650.4034	-677.5045	27.1011	2.553461	1.107943	2.605902	1.207608
48	-642.4709	-665.0154	22.5445	3.826176	1.595909	14.08052	1.558159
54	-658.9402	-683.2476	24.30743	4.717737	4.484749	1.530667	0.3017213
60	-657.0235	-684.2173	27.19384	3.159842	2.077054	0.2022958	1.918054
66	-685.4911	-710.688	25.1969	1.546954	2.93886	0.41522	3.573024
72	-677.3812	-702.0779	24.69671	3.365964	4.130264	3.512047	0.8607813
78	-676.4776	-702.6499	26.17235	2.703115	0.6015522	1.726841	2.494111
84	-661.6661	-687.8269	26.1608	3.709839	4.702597	0.6421261	0.7014515
90	-659.5648	-684.8258	25.26106	4.090506	3.493571	1.606014	0.7014515
96	-680.1747	-707.372	27.19738	2.621345	2.641198	1.489456	0.6510772
102	-692.8561	-722.3966	29.54052	2.621345	1.729125	0.155651	0.3647205
108	-663.8136	-692.829	29.01541	2.251198	1.227973	0.5435802	1.134935
114	-654.2949	-682.6806	28.38563	3.410399	2.697274	0.01578107	1.134935
120	-638.2341	-666.6161	28.38204	3.58772	3.247627	0.01021839	0.4833298
126	-664.5606	-695.2798	30.71924	2.464501	0.3725485	0.2166709	0.2116274
132	-652.012	-682.255	30.24303	2.996208	0.5021761	0.1189098	0.1997245
138	-644.2796	-669.7804	25.50085	6.140006	1.318733	0.4186638	0.9009861
144	-646.3021	-672.132	25.82997	2.852892	1.161564	0.4186638	3.057794
150	-646.8683	-674.532	27.66366	2.852892	1.086568	0.09977664	2.508781
156	-665.6003	-690.3941	24.79382	2.376027	3.738135	3.265036	1.786925
162	-672.6614	-697.9543	25.29288	4.452654	0.2927648	3.265036	1.786925
168	-657.996	-688.7414	30.7454	1.639679	0.2549426	0.2343441	1.786925
174	-652.206	-681.566	29.35995	1.624178	1.042796	0.3267329	1.786925
180	-638.3816	-666.731	28.34935	1.879765	3.17307	0.7266386	0.7869626
186	-650.4525	-677.2032	26.75069	2.3367	4.0715	0.7266386	1.523641
192	-691.2163	-720.9513	29.73495	1.592389	3.938286	0.06227883	0.9350135
198	-666.4447	-693.2428	26.79815	3.134268	0.3514984	3.044027	1.625954
204	-639.4773	-663.1513	23.67403	3.610265	0.932054	16.5979	1.046042
210	-665.1843	-693.4318	28.24755	1.153448	1.474415	1.010357	1.95458
216	-637.7435	-665.0729	27.3294	2.5373	2.285671	0.3785657	1.882257
222	-638.7557	-667.0099	28.2542	4.457562	0.7434896	0.2751038	0.6076665
228	-691.3413	-718.7764	27.43509	2.029258	0.7434896	4.774518	1.009648
234	-673.9979	-701.9389	27.94106	2.848396	1.146362	1.165589	0.2128528
240	-695.701	-720.3863	24.68523	2.915117	2.882587	7.715283	0.4938047
246	-666.1915	-693.7963	27.60475	3.557616	1.686948	0.6889109	0.4938047
252	-663.9449	-688.9881	25.04315	3.739851	0.8187388	7.917475	0.8532365
258	-692.5556	-713.7197	21.16408	3.115809	31.62303	0.5899976	2.649911
264	-681.2856	-706.6286	25.34303	3.157555	13.21334	0.1177162	1.585473
270	-641.8516	-668.6994	26.84774	2.345843	1.059541	2.641615	1.589971
276	-649.9814	-678.4001	28.41864	2.555736	0.4326434	1.345692	1.447521
282	-680.584	-711.1868	30.60286	1.57378	0.05965948	0.2674675	2.325979
288	-632.5734	-658.8233	26.24982	3.302316	1.429319	1.465961	1.600966
294	-653.6077	-678.5963	24.98856	5.76532	1.538299	0.04141	2.299608
300	-676.836	-702.8453	26.00935	2.716394	4.321971	0.3904946	2.081527
306	-673.2761	-699.8175	26.54146	2.363231	1.630522	1.412954	1.977598
312	-666.0846	-691.2816	25.19704	5.14159	0.9828231	1.412954	0.1176342
318	-657.2744	-687.1245	29.85003	2.844718	0.9876581	0.1284522	0.8948688
324	-651.8367	-677.3914	25.5547	2.672169	1.553169	2.245711	2.111219
330	-662.8398	-688.5911	25.75129	3.919553	4.627738	0.8733693	0.5232757
336	-645.6961	-670.7779	25.08174	4.652314	2.869048	0.8733693	1.238938
342	-651.3659	-676.8236	25.4577	4.783632	2.869048	0.9185094	0.4204538
348	-665.2712	-687.9383	22.66706	4.783632	0.7480146	20.63848	0.6088619
354	-664.6297	-692.2069	27.57719	2.493134	1.288893	2.479959	0.6088619
360	-700.3084	-730.274	29.96561	1.806742	1.013935	0.5480805	0.805539
366	-653.0385	-677.8157	24.77728	4.328951	2.663377	1.348766	1.459758
372	-641.3304	-669.3103	27.97997	2.71264	3.201314	0.4376574	0.7272151
378	-642.5358	-668.3156	25.77984	2.047024	3.762084	1.918154	1.778847
384	-653.5063	-679.9965	26.49022	1.854428	3.762084	2.179201	1.280321
390	-655.1268	-683.2091	28.0823	2.803911	0.7823179	1.930168	0.5480864
396	-637.883	-666.4448	28.56177	2.888935	1.320038	0.6714803	0.4530706
402	-656.6451	-684.9439	28.29887	2.196945	1.980643	0.9038438	0.9158557
408	-657.7485	-682.4861	24.73759	4.220392	1.744313	4.427594	0.6686571
414	-665.8264	-691.2681	25.44173	4.449052	4.272901	0.2425777	1.516306
420	-685.4552	-708.1288	22.67351	4.449052	5.15818	5.28266	0.2227929
426	-669.1563	-697.4893	28.33301	2.411921	2.333492	0.6074119	0.8255858
432	-655.8476	-680.2433	24.39573	2.756623	0.6306336	2.118259	3.366128
438	-654.2443	-680.7633	26.51904	2.756623	1.2466	0.2402513	2.895058
444	-670.8622	-698.4182	27.55604	3.199494	4.45992	0.2402513	0.5569028
450	-705.7727	-726.0583	20.28552	5.648108	18.80173	3.166414	0.761056
456	-664.1032	-688.9321	24.82896	3.526227	5.453272	2.276006	0.6678431
462	-668.5922	-693.9865	25.39425	3.6161	5.453272	1.017725	0.9732213
468	-675.2507	-701.1166	25.86597	2.636307	1.530692	1.017725	2.503396
474	-671.8815	-699.7723	27.89086	2.626679	1.275204	0.4925747	1.74609
480	-683.9782	-712.6111	28.63287	2.591353	1.824743	0.4650138	0.8696149
486	-723.0734	-746.8048	23.73144	2.591353	3.183615	7.213999	1.753131
492	-644.5455	-670.0974	25.55189	3.1076	2.562896	1.4665	1.753131
498	-695.009	-722.4791	27.47007	1.690484	2.549435	1.779955	1.213379
504	-671.3214	-697.7915	26.47008	1.690484	0.7953389	1.779955	2.757774
510	-645.1228	-671.664	26.54119	2.279831	2.201762	0.408541	2.550221
516	-733.6773	-764.3104	30.63316	1.636051	1.525229	0.06495434	1.135077
522	-655.2748	-682.4101	27.13536	1.999527	1.635912	0.5959423	2.374461
528	-665.3006	-692.3286	27.02798	3.381394	4.773845	0.3197765	0.7007304
534	-648.3696	-672.9095	24.53995	4.032875	1.391543	1.469282	2.280907
540	-649.4376	-675.4819	26.04422	3.539464	3.066249	1.469282	0.7579769
546	-650.2125	-673.2632	23.05075	2.77247	7.941763	2.777728	2.109948
552	-664.5669	-689.2717	24.70478	4.652353	1.247099	4.476576	0.4838431
558	-662.8307	-692.1073	29.27666	3.289393	1.247099	0.144749	0.3758691
564	-659.9198	-685.899	25.97921	3.289393	3.912561	1.32803	0.2441709
570	-661.2745	-687.5011	26.22652	3.304285	0.6739714	4.687526	1.056903
576	-661.2967	-688.0219	26.72522	4.177356	3.07275	0.1727705	1.223406
582	-656.7337	-679.4602	22.72648	5.73974	2.440754	2.965208	1.321895
588	-658.8418	-685.919	27.07724	2.963064	1.559317	0.6195595	1.790347
594	-666.8593	-693.0555	26.19621	3.675361	0.6125116	0.6195595	2.507733
600	-700.8344	-727.2471	26.41269	3.675361	0.2625884	1.669849	2.151884
606	-681.4737	-708.8039	27.33019	1.630645	2.133555	0.9241589	2.025443
612	-641.5244	-667.679	26.15452	3.429183	1.639542	1.221246	1.610074
618	-654.1696	-681.9158	27.74615	4.884397	1.302943	0.04434814	0.1854924
624	-668.0568	-692.3111	24.25435	4.884397	3.952995	1.485968	0.8852214
630	-689.5929	-714.7898	25.19686	3.144898	2.843965	4.675753	0.5224995
636	-667.0783	-690.772	23.69368	4.624463	2.87861	4.675753	0.4348465
642	-658.2457	-683.3949	25.1492	6.682441	0.8654443	0.6798443	0.6588136
648	-656.9491	-680.6144	23.66529	5.060065	2.404008	3.944581	0.6898599
654	-671.7178	-698.9808	27.26303	3.414296	4.193	0.3000715	0.408115
660	-679.033	-706.8859	27.85286	1.700855	2.252091	0.8124742	1.658956
666	-667.2047	-690.8642	23.65948	2.934561	3.054108	5.872363	1.811656
672	-668.177	-696.8298	28.6528	2.934561	0.4633275	1.170209	1.005095
678	-699.4079	-727.1806	27.7727	2.306541	0.273916	1.726328	2.114529
684	-677.9723	-707.2189	29.24657	3.293626	0.4879613	0.06703334	1.76368
690	-674.7521	-705.5499	30.79777	3.246436	0.38046	0.04732465	0.6884289
696	-665.576	-694.6266	29.05061	3.246436	1.855532	0.08770522	0.7501576
702	-658.1197	-684.2921	26.17239	4.868105	1.265743	1.083368	0.4881207
708	-679.8529	-708.8552	29.00224	2.695494	1.265743	0.2137045	1.320154
714	-666.7438	-692.1629	25.41912	5.263444	1.015812	0.6445096	1.632055
720	-652.3354	-678.6709	26.33558	3.115329	0.6256587	5.684689	0.9301409
726	-646.7626	-674.451	27.68842	4.74635	1.103061	0.1256911	0.1843473
732	-681.1681	-704.1686	23.00057	4.213273	5.643186	5.410743	0.5220179
738	-696.9286	-719.9512	23.02261	6.220039	0.3300504	5.410743	1.596326
744	-669.9129	-698.5537	28.6408	2.729648	0.9153731	0.332049	1.596326
750	-652.827	-682.381	29.55398	2.777056	0.7653211	0.4500303	0.5759811
756	-647.7003	-673.3263	25.62599	8.048129	0.3363258	0.1701146	0.5759811
762	-666.5422	-697.9539	31.41168	1.939899	0.4749927	0.08813056	1.070127
768	-637.3847	-665.7684	28.38365	2.619246	0.7279889	1.835073	0.4234233
774	-659.2426	-686.4901	27.24749	2.487518	3.241525	0.8998864	1.074894
780	-731.2684	-761.1711	29.90274	1.727437	3.706795	0.05099542	0.7247378
786	-683.9916	-710.2953	26.30369	3.098846	3.706795	1.408387	0.7273195
792	-631.7388	-659.2673	27.52841	3.390465	1.63819	0.8745656	0.6811322
798	-637.5256	-664.0182	26.49267	4.52215	1.63819	0.0895741	1.930753
804	-647.5804	-672.8603	25.27993	4.388401	1.826211	0.6111478	1.930753
810	-646.3602	-675.9897	29.62949	2.814962	0.767048	0.2475507	1.021627
816	-649.3878	-675.9267	26.53889	3.648559	0.6644722	3.286781	0.2476999
822	-654.691	-682.2509	27.55982	3.016182	0.6385866	2.864119	0.6094203
828	-650.2458	-675.5633	25.31746	5.798218	0.9326102	0.206564	1.980137
834	-658.2681	-687.5997	29.33162	2.216766	0.5927636	0.206564	1.971372
840	-675.0802	-703.541	28.4608	2.177506	6.094921	0.04186325	1.112017
846	-673.7433	-698.3003	24.55698	3.104358	6.094921	1.054493	1.87871
852	-659.631	-689.0608	29.42977	2.247366	1.227002	0.2449134	1.293717
858	-639.151	-663.1371	23.98611	4.528881	2.360361	0.6399183	2.45565
864	-657.5916	-680.0736	22.48202	3.778354	3.897089	0.4402815	3.613165
870	-638.1816	-662.9157	24.7341	4.956988	2.034595	2.248104	0.4405312
876	-688.8893	-714.7713	25.88194	2.137709	7.971162	0.6093033	1.71321
882	-654.9414	-680.7706	25.82921	4.872747	1.100812	1.147902	1.112084
888	-680.6993	-706.812	26.11275	2.305531	6.640711	1.147902	1.147629
894	-662.117	-687.6287	25.51166	4.402031	5.082477	0.3231858	1.147629
900	-651.4685	-676.6469	25.17845	4.402031	1.156107	3.347846	0.2263313
906	-650.0655	-676.8724	26.8069	3.012185	2.513661	0.5696623	1.602557
912	-652.3918	-681.5105	29.11872	2.616618	2.513661	0.1639655	0.5147189
918	-657.7654	-685.9578	28.19246	1.798427	0.4306371	0.7754529	2.489241
924	-654.9325	-681.9071	26.97467	1.798427	0.9853026	1.253811	2.489241
930	-693.0976	-721.1526	28.05499	1.773198	2.674582	1.21413	0.9225453
936	-703.184	-735.6862	32.50219	1.756358	0.1797383	0.08915652	0.814035
942	-649.5194	-678.9671	29.44765	3.4723	0.4832817	0.03613263	1.607857
948	-679.8291	-709.7538	29.92469	3.177845	0.1989893	0.6176977	0.4613915
954	-655.3904	-683.2961	27.90578	3.202023	2.922649	0.01315197	1.592445
960	-649.9816	-678.0346	28.05304	2.269557	0.5865089	0.9638767	1.974984
966	-657.2487	-682.2784	25.02963	4.44682	4.401932	0.983713	0.8229254
972	-684.3639	-707.8106	23.44671	5.815839	10.36549	0.2627309	0.8780071
978	-689.5575	-710.3369	20.77937	4.151865	11.75723	9.56387	1.007162
984	-659.1015	-681.7119	22.61037	4.151865	2.770704	13.43953	0.4292458
990	-688.4383	-711.5196	23.08134	4.151865	22.67855	0.7979462	0.4292458
996	-670.6799	-695.6794	24.99952	4.475742	9.463817	0.3137961	0.4756543
