Iteration	Posterior	Likelihood	Prior	rate_log_sd	rate_loss	rate_neo	tree_length
0	-946.8225	-980.4865	33.66407	0.6389899	0.1625852	0.06331955	0.9654701
6	-955.2358	-985.1648	29.929	1.357131	0.9457835	1.13988	0.4857508
12	-1120.291	-1146.687	26.39536	1.626503	0.4246753	16.99054	0.9639779
18	-1319.39	-1347.458	28.06804	0.02977141	0.01922375	4.32247	3.194535
24	-1031.003	-1060.759	29.75616	0.08939125	5.036033	0.5276261	0.8430395
30	-841.0639	-868.4793	27.41544	1.849104	4.429442	1.307877	0.3494365
36	-697.6519	-725.1651	27.51322	2.378407	3.758845	0.9229288	0.4366982
42	-1080.742	-1107.334	26.59142	0.170575	3.121635	5.273237	1.782426
48	-967.3613	-996.9383	29.57705	0.7754637	0.09972945	5.064031	1.345946
54	-753.0422	-780.6031	27.56088	1.325122	4.262172	1.065659	1.345946
60	-1073.635	-1104.39	30.75513	1.325122	0.1030212	1.627808	0.1765219
66	-752.2844	-781.8139	29.52946	1.325122	0.3058874	1.627808	1.574502
72	-691.9364	-714.886	22.94963	4.466983	8.793411	1.596877	1.3346
78	-892.7932	-921.7799	28.98664	0.1253737	0.824092	1.727323	2.160245
84	-1019.044	-1049.26	30.21587	0.5688698	6.469258	0.07205073	0.3683988
90	-814.0514	-844.888	30.83657	0.8539538	0.7892582	0.06493288	2.059361
96	-1497.679	-1521.975	24.29678	0.0634705	4.5381	36.11236	0.5775212
102	-1189.282	-1221.9	32.61834	0.0518227	0.5626475	0.3897927	0.347279
108	-1129.164	-1155.36	26.19615	0.7014932	4.13257	8.061383	0.8440265
114	-821.0279	-853.2225	32.19461	0.4623816	0.09930377	0.3079676	1.824429
120	-975.94	-1002.935	26.99502	1.132579	2.031063	6.246818	0.9016756
126	-1128.731	-1161.273	32.54163	0.3741377	0.01754775	1.413485	0.7388855
132	-1260.861	-1293.42	32.55911	0.1767512	0.01754775	1.511542	0.8788546
138	-1030.032	-1061.925	31.89311	0.5833677	0.09946873	1.496692	0.7672558
144	-867.7555	-894.24	26.48452	1.199483	16.67165	0.8787823	0.4563348
150	-697.4023	-725.6197	28.21745	4.393791	0.2755146	0.8417052	0.4621658
156	-721.6764	-752.9989	31.32243	1.718275	0.2318615	0.1229827	1.620301
162	-1003.985	-1034.47	30.4857	0.8622423	0.2372813	2.6661	0.7512119
168	-1358.889	-1391.066	32.17711	0.05585815	0.02026606	2.338978	0.8745992
174	-689.1878	-717.8495	28.66167	2.136159	1.685238	0.96422	0.6688426
180	-906.275	-939.086	32.81101	0.5915078	0.1299066	0.572709	0.5166716
186	-1379.595	-1402.877	23.28271	0.5500995	11.03555	22.70794	0.3375191
192	-967.2053	-989.1834	21.97816	1.390857	10.26102	22.70794	1.302529
198	-851.4357	-881.1954	29.75974	0.02616028	2.835346	0.01090791	2.485172
204	-892.7891	-924.3191	31.53001	0.01330428	0.1482806	1.304331	1.572882
210	-1075.238	-1107.362	32.12421	0.2149949	0.3267991	0.9771514	0.432084
216	-898.7943	-924.6159	25.82159	2.052347	0.1779686	17.20704	1.563346
222	-741.5539	-765.3148	23.76089	2.052347	53.97935	0.549333	0.7973269
228	-952.729	-984.8649	32.13595	0.3318383	0.5465012	0.549333	0.5711026
234	-1300.026	-1328.157	28.13155	0.1142103	2.76015	4.760839	0.3009475
240	-722.6447	-752.4225	29.77783	2.001899	0.1528798	0.582324	1.941168
246	-757.7905	-788.2135	30.423	2.755584	0.1334827	0.582324	0.2482258
252	-656.7962	-684.9262	28.13003	3.179946	1.364915	0.4736077	1.097341
258	-1096.176	-1124.316	28.14023	0.8643584	1.717777	4.332355	0.3616168
264	-870.2445	-898.6908	28.44631	0.7788944	14.05142	0.1634167	0.6192987
270	-975.8776	-1002.01	26.13225	1.268643	14.43804	1.462492	0.4552038
276	-992.3074	-1022.817	30.50911	0.217848	0.2362343	2.42812	1.449387
282	-1003.645	-1035.693	32.04855	0.2785256	0.03270442	1.070072	1.519052
288	-1269.777	-1297.295	27.51856	0.38985	0.4285976	19.92188	0.7620037
294	-915.9809	-939.1393	23.15847	1.562943	10.96172	10.70202	1.142815
300	-891.1922	-916.9162	25.72397	0.2624632	22.00617	0.7019716	1.876318
306	-969.4087	-998.0158	28.60704	0.2828592	2.088664	2.030696	1.498151
312	-998.3973	-1032.803	34.40551	0.2320963	0.0480563	0.1662217	0.5344935
318	-1408.566	-1433.776	25.2102	1.201202	0.7422444	32.88197	0.2364204
324	-711.3657	-742.9181	31.55238	1.96428	0.3772625	0.1721807	0.7210291
330	-1013.346	-1041.641	28.29479	0.1437186	8.861681	1.092433	0.693097
336	-1021.363	-1052.671	31.3084	0.08638102	0.171977	2.179161	1.168132
342	-934.8372	-967.1251	32.28785	0.3993648	0.9102904	0.1094147	1.061891
348	-844.9884	-872.6035	27.61503	0.4325453	10.52752	0.6211081	1.358857
354	-1365.895	-1395.539	29.64372	0.4325453	0.0619003	9.649713	0.2499114
360	-958.753	-984.2906	25.53766	0.4497905	3.333067	6.257248	2.082104
366	-890.262	-922.4502	32.18825	0.955419	0.8507462	0.01016272	1.028351
372	-1157.462	-1190.12	32.6585	0.1779537	0.009608921	0.4176509	1.754457
378	-955.454	-986.0412	30.58721	0.2362604	0.6518427	1.315113	1.31462
384	-647.3168	-674.0155	26.69876	2.029653	3.408646	1.469413	1.436907
390	-749.5357	-777.3657	27.83006	0.8255935	4.407908	1.138673	1.436907
396	-669.1071	-694.7442	25.63704	2.690586	2.984657	2.988253	1.221018
402	-939.1379	-970.8317	31.69377	0.5237806	1.835622	0.08044855	0.9081063
408	-949.0565	-979.4521	30.39562	0.5237806	1.835622	0.6351762	0.9081063
414	-1028.561	-1059.794	31.23286	1.185908	0.03336096	2.145143	0.3412083
420	-1044.25	-1073.309	29.05878	0.4418911	2.504369	2.145143	0.5471435
426	-949.5269	-980.447	30.92016	0.794933	2.504369	0.1470607	0.3226183
432	-927.5641	-960.2206	32.65655	0.3850234	0.8019943	0.08526406	0.9323192
438	-690.7273	-716.4894	25.76214	2.340407	3.252979	4.130379	0.9288682
444	-711.4489	-739.9354	28.48656	0.4664545	0.4756288	0.6987512	3.131139
450	-846.602	-877.9441	31.34213	1.290544	0.3243136	0.6987512	0.3694022
456	-819.5224	-850.9883	31.46588	1.490559	0.1896012	0.6987512	0.3381402
462	-793.8428	-821.961	28.11818	0.6712621	10.13131	0.03962204	1.933481
468	-852.578	-878.9067	26.32867	0.7214928	20.84983	0.7860967	1.048983
474	-1048.942	-1077.129	28.18639	0.2823688	0.8134511	6.589116	1.397268
480	-853.4724	-882.2907	28.81828	0.06445402	0.5278238	2.155558	2.397669
486	-1011.807	-1044.425	32.61766	0.3093313	0.06479323	1.138785	0.7663367
492	-1044.396	-1075.226	30.83019	0.3093313	1.077946	1.138785	0.5976547
498	-746.1753	-771.203	25.02772	2.432122	6.734037	3.709406	0.5976547
504	-1172.306	-1203.175	30.86887	0.1818799	0.2202497	3.709406	0.590668
510	-1247.108	-1277.164	30.05563	0.5717581	0.2938611	3.709406	0.2250531
516	-1109.804	-1143.318	33.51395	0.1191645	0.2938611	0.2049699	0.3727048
522	-1494.231	-1523.902	29.67089	0.04602095	0.5294815	4.828819	0.18983
528	-1575.837	-1603.213	27.37564	0.4816589	0.04031795	40.78022	0.5330735
534	-974.077	-1005.535	31.45753	1.393291	1.517529	0.008501183	0.4783687
540	-958.2809	-984.1887	25.90781	0.8936164	2.125267	6.407395	1.88925
546	-1297.796	-1325.723	27.9275	0.2435727	2.347878	5.367301	0.9035233
552	-891.1019	-922.7882	31.68638	1.012388	0.8393969	0.1702619	0.9035233
558	-1130.881	-1159.989	29.10858	0.4747525	0.159534	10.09315	0.9035233
564	-895.853	-927.8138	31.9608	1.438779	0.6810014	0.09123282	0.5665965
570	-804.7616	-835.0744	30.31279	1.438779	1.128053	0.5295227	0.7204535
576	-1117.415	-1149.905	32.48976	0.2691198	0.4010237	0.5295227	0.5001769
582	-1004.743	-1032.15	27.40638	0.3401139	17.51892	0.5295227	1.00805
588	-1519.383	-1551.216	31.83271	0.06601637	0.005935925	2.34821	1.053842
594	-1106.997	-1136.479	29.4817	0.2692324	1.343889	2.34821	1.053842
600	-705.1224	-730.9342	25.81178	1.826608	1.115807	2.34821	2.673243
606	-1257.306	-1289.94	32.63311	0.2146477	0.02406219	1.609763	0.4636583
612	-806.9399	-836.5804	29.64055	0.4325132	0.1874682	0.1586843	3.487255
618	-1249.55	-1275.57	26.0202	1.125757	2.12186	13.06304	0.5017913
624	-1281.06	-1311.914	30.85444	0.1282392	3.701569	0.2099291	0.296822
630	-817.1001	-845.8086	28.70848	1.615174	4.856791	0.3607945	0.6498529
636	-793.5535	-823.0742	29.52069	1.615174	2.757814	0.3485421	0.5152518
642	-721.4687	-747.7337	26.26501	3.332047	3.161201	1.259418	0.2402807
648	-1106.776	-1137.662	30.88593	0.9118571	0.4099262	1.259418	0.2922222
654	-772.1197	-805.5478	33.42817	1.823906	0.04652822	0.02166712	0.4981221
660	-1013.778	-1041.987	28.20869	0.564766	5.271072	1.725214	0.5184607
666	-1025.316	-1057.212	31.8959	0.009127866	1.350271	0.3786031	0.4780376
672	-1041.305	-1070.907	29.60181	1.101905	0.07436862	6.969617	0.5349283
678	-727.2208	-753.8049	26.5841	1.299188	11.15382	0.2804362	1.863538
684	-1247.38	-1279.502	32.12212	0.1553038	0.02280218	2.534838	0.6604004
690	-691.8169	-717.2201	25.40324	3.821469	2.29488	2.534838	0.2544802
696	-749.0734	-779.7463	30.67288	0.9371047	0.344201	0.3222582	2.024634
702	-789.3849	-823.2552	33.87032	0.9371047	0.02593529	0.07103145	1.005217
708	-1154.903	-1188.135	33.23133	0.01874485	1.012009	0.04202698	0.415821
714	-956.9358	-990.0919	33.15614	0.02015058	0.3249534	0.368147	0.6291796
720	-718.4867	-749.7785	31.29179	1.734835	0.3249534	0.3862769	0.815581
726	-1108.496	-1139.218	30.72268	0.4453723	3.012492	0.2416785	0.3010213
732	-846.2932	-880.3915	34.09833	0.8915982	0.05252154	0.07096566	0.5581898
738	-979.1112	-1012.827	33.71598	0.0383486	0.214727	0.2374937	0.636821
744	-1003.032	-1030.889	27.8566	0.001592241	6.262056	1.655357	1.356626
750	-788.8657	-820.2192	31.35347	2.264273	0.05405624	0.6167575	0.6831285
756	-828.4684	-858.1596	29.69119	1.070737	1.370561	0.0510779	2.344134
762	-814.1877	-833.9374	19.74968	2.60428	277.3665	0.2589636	1.223636
768	-1089.666	-1114.259	24.59365	0.2971122	60.22874	0.8922359	1.078601
774	-703.7628	-729.9474	26.18461	2.653868	0.8328227	6.551299	1.073783
780	-784.1597	-812.8756	28.71592	0.1165742	4.61013	0.2119495	2.228235
786	-1228.642	-1257.21	28.56853	0.1105729	3.739468	2.757338	0.4476274
792	-968.1149	-991.7014	23.58641	2.814313	0.3670183	50.38755	0.5010983
798	-1094.743	-1117.309	22.56606	1.409601	1.984538	50.38755	1.426171
804	-1090.801	-1113.514	22.71318	0.3788766	0.8480103	32.82972	3.125735
810	-847.1799	-880.9887	33.80883	0.6464744	0.1239644	0.0455687	1.040374
816	-1257.961	-1287.121	29.15914	0.1332756	0.7703704	6.555728	0.4696649
822	-1058.969	-1089.253	30.2839	0.4890605	0.5744871	2.303878	0.8692848
828	-812.6403	-845.6084	32.96811	0.1155411	0.07369967	0.2600963	1.687296
834	-981.5603	-1014.564	33.00376	0.1005249	1.107742	0.03625996	0.755214
840	-849.1084	-877.7639	28.65551	0.5090153	0.5160299	1.874628	2.334999
846	-1171.696	-1197.072	25.37627	0.2671894	9.295069	8.881218	0.7429062
852	-1111.931	-1134.638	22.70708	0.0278777	12.55114	15.91131	1.974415
858	-805.3356	-836.7847	31.44916	1.001588	0.1501865	0.8923067	1.154705
864	-1011.494	-1038.445	26.95123	0.509364	4.445245	4.104135	1.154705
870	-924.2241	-950.2114	25.98734	0.6058333	35.81308	0.4648146	0.977884
876	-682.4842	-713.2394	30.75526	2.379454	0.2164902	0.4648146	0.8382771
882	-741.4606	-769.9149	28.4543	1.183316	3.604577	1.102576	0.813282
888	-786.2511	-812.5351	26.28399	0.2885134	21.77211	0.02331891	2.57906
894	-1063.145	-1095.75	32.60515	0.283943	0.04855423	1.323861	0.7042316
900	-1125.166	-1156.937	31.77146	0.319316	1.267172	0.321074	0.548591
906	-1182.46	-1213.928	31.46742	0.5587775	0.03569773	3.006881	0.6326451
912	-819.7656	-851.5094	31.74385	1.251381	0.5763692	0.2439951	0.6632629
918	-1093.161	-1124.924	31.76302	0.7326766	0.3022813	0.44739	0.1295752
924	-1140.389	-1171.03	30.64168	0.1518796	0.8983527	1.856088	0.4320548
930	-1303.871	-1334.308	30.4365	0.2323236	2.586373	0.2276742	0.09645943
936	-1118.921	-1151.157	32.23658	0.1521783	0.3204226	0.9304165	0.3999378
942	-1017.597	-1045.811	28.21371	0.858352	0.3204226	9.344556	1.097959
948	-687.9715	-715.7425	27.77099	5.439673	0.2906094	0.1959096	1.175729
954	-672.2711	-703.2567	30.98558	1.694455	0.2906094	0.4232861	1.175729
960	-995.1856	-1020.8	25.61475	0.2660435	8.58282	4.305429	1.594823
966	-887.086	-920.5263	33.44029	0.168343	0.1059051	0.30769	1.066741
972	-994.0622	-1021.858	27.79548	1.744485	0.4904347	6.982788	0.3487733
978	-747.4751	-773.3612	25.88601	3.517054	0.003540593	14.16496	0.749917
984	-769.7145	-797.5543	27.83982	2.375075	1.004983	2.456875	0.2770591
990	-677.6808	-705.8983	28.2175	1.988788	1.012612	1.413999	1.410566
996	-757.4572	-775.3054	17.84814	2.607689	375.7867	1.413999	0.9129449
